<?xml version="1.0" encoding="UTF-8"?>
<!-- Generated by org.testng.reporters.JUnitReportReporter -->
<testsuite failures="0" tests="1" name="Automation.Legal_HomePage_Test" time="11.054" errors="0" timestamp="2024-05-11T03:09:34 EDT" skipped="0">
  <testcase classname="Automation.Legal_HomePage_Test" name="LegalLogin_Test" time="11.054"/>
  <system-out/>
</testsuite> <!-- Automation.Legal_HomePage_Test -->
